[2024-10-07 18:25:35,447: INFO: common yaml file: config\config.yaml loaded successfully]
[2024-10-07 18:25:35,461: INFO: common yaml file: params.yaml loaded successfully]
[2024-10-07 18:28:39,030: INFO: common yaml file: config\config.yaml loaded successfully]
[2024-10-07 18:28:39,031: INFO: common yaml file: params.yaml loaded successfully]
[2024-10-07 18:28:39,031: INFO: common created directory at: artifacts]
[2024-10-07 18:28:39,031: INFO: common created directory at: artifacts/prepare_base_model/base_model.h5]
[2024-10-07 18:28:45,239: WARNING: saving_api You are saving your model as an HDF5 file via `model.save()` or `keras.saving.save_model(model)`. This file format is considered legacy. We recommend using instead the native Keras format, e.g. `model.save('my_model.keras')` or `keras.saving.save_model(model, 'my_model.keras')`. ]
[2024-10-07 18:44:52,476: INFO: common yaml file: config\config.yaml loaded successfully]
[2024-10-07 18:44:52,487: INFO: common yaml file: params.yaml loaded successfully]
[2024-10-07 18:44:52,489: INFO: common created directory at: artifacts]
[2024-10-07 18:44:52,490: INFO: common created directory at: artifacts/prepare_base_model/base_model.h5]
[2024-10-07 18:44:52,741: WARNING: saving_api You are saving your model as an HDF5 file via `model.save()` or `keras.saving.save_model(model)`. This file format is considered legacy. We recommend using instead the native Keras format, e.g. `model.save('my_model.keras')` or `keras.saving.save_model(model, 'my_model.keras')`. ]
[2024-10-07 18:54:27,753: INFO: common yaml file: config\config.yaml loaded successfully]
[2024-10-07 18:54:27,755: INFO: common yaml file: params.yaml loaded successfully]
[2024-10-07 18:54:27,756: INFO: common created directory at: artifacts]
[2024-10-07 18:54:27,757: INFO: common created directory at: artifacts/prepare_base_model/base_model.h5]
[2024-10-07 18:54:28,025: WARNING: saving_api You are saving your model as an HDF5 file via `model.save()` or `keras.saving.save_model(model)`. This file format is considered legacy. We recommend using instead the native Keras format, e.g. `model.save('my_model.keras')` or `keras.saving.save_model(model, 'my_model.keras')`. ]
[2024-10-07 18:55:43,913: INFO: common yaml file: config\config.yaml loaded successfully]
[2024-10-07 18:55:43,915: INFO: common yaml file: params.yaml loaded successfully]
[2024-10-07 18:55:43,916: INFO: common created directory at: artifacts]
[2024-10-07 18:55:43,917: INFO: common created directory at: artifacts/prepare_base_model/base_model.h5]
[2024-10-07 18:55:44,148: WARNING: saving_api You are saving your model as an HDF5 file via `model.save()` or `keras.saving.save_model(model)`. This file format is considered legacy. We recommend using instead the native Keras format, e.g. `model.save('my_model.keras')` or `keras.saving.save_model(model, 'my_model.keras')`. ]
[2024-10-07 18:58:28,093: INFO: common yaml file: config\config.yaml loaded successfully]
[2024-10-07 18:58:28,093: INFO: common yaml file: params.yaml loaded successfully]
[2024-10-07 18:58:28,093: INFO: common created directory at: artifacts]
[2024-10-07 18:58:28,093: INFO: common created directory at: artifacts\prepare_base_model\base_model.h5]
[2024-10-07 18:58:28,344: WARNING: saving_api You are saving your model as an HDF5 file via `model.save()` or `keras.saving.save_model(model)`. This file format is considered legacy. We recommend using instead the native Keras format, e.g. `model.save('my_model.keras')` or `keras.saving.save_model(model, 'my_model.keras')`. ]
[2024-10-07 18:59:42,237: INFO: common yaml file: config\config.yaml loaded successfully]
[2024-10-07 18:59:42,238: INFO: common yaml file: params.yaml loaded successfully]
[2024-10-07 18:59:42,240: INFO: common created directory at: artifacts]
[2024-10-07 18:59:42,240: INFO: common created directory at: artifacts/prepare_base_model/base_model]
[2024-10-07 18:59:42,498: WARNING: saving_api You are saving your model as an HDF5 file via `model.save()` or `keras.saving.save_model(model)`. This file format is considered legacy. We recommend using instead the native Keras format, e.g. `model.save('my_model.keras')` or `keras.saving.save_model(model, 'my_model.keras')`. ]
[2024-10-07 19:00:16,538: INFO: common yaml file: config\config.yaml loaded successfully]
[2024-10-07 19:00:16,540: INFO: common yaml file: params.yaml loaded successfully]
[2024-10-07 19:00:16,542: INFO: common created directory at: artifacts]
[2024-10-07 19:00:16,542: INFO: common created directory at: artifacts/prepare_base_model]
[2024-10-07 19:00:16,798: WARNING: saving_api You are saving your model as an HDF5 file via `model.save()` or `keras.saving.save_model(model)`. This file format is considered legacy. We recommend using instead the native Keras format, e.g. `model.save('my_model.keras')` or `keras.saving.save_model(model, 'my_model.keras')`. ]
[2024-10-07 19:00:25,973: INFO: common yaml file: config\config.yaml loaded successfully]
[2024-10-07 19:00:25,973: INFO: common yaml file: params.yaml loaded successfully]
[2024-10-07 19:00:25,977: INFO: common created directory at: artifacts]
[2024-10-07 19:00:25,978: INFO: common created directory at: artifacts/prepare_base_model]
[2024-10-07 19:00:26,228: WARNING: saving_api You are saving your model as an HDF5 file via `model.save()` or `keras.saving.save_model(model)`. This file format is considered legacy. We recommend using instead the native Keras format, e.g. `model.save('my_model.keras')` or `keras.saving.save_model(model, 'my_model.keras')`. ]
[2024-10-07 19:03:59,832: INFO: common yaml file: config\config.yaml loaded successfully]
[2024-10-07 19:03:59,835: INFO: common yaml file: params.yaml loaded successfully]
[2024-10-07 19:03:59,836: INFO: common created directory at: artifacts]
[2024-10-07 19:03:59,836: INFO: common created directory at: artifacts\prepare_base_model]
[2024-10-07 19:04:00,077: WARNING: saving_api You are saving your model as an HDF5 file via `model.save()` or `keras.saving.save_model(model)`. This file format is considered legacy. We recommend using instead the native Keras format, e.g. `model.save('my_model.keras')` or `keras.saving.save_model(model, 'my_model.keras')`. ]
[2024-10-07 19:04:45,849: INFO: common yaml file: config\config.yaml loaded successfully]
[2024-10-07 19:04:45,851: INFO: common yaml file: params.yaml loaded successfully]
[2024-10-07 19:04:45,852: INFO: common created directory at: artifacts]
[2024-10-07 19:04:45,852: INFO: common created directory at: artifacts\prepare_base_model]
[2024-10-07 19:04:46,149: WARNING: saving_api You are saving your model as an HDF5 file via `model.save()` or `keras.saving.save_model(model)`. This file format is considered legacy. We recommend using instead the native Keras format, e.g. `model.save('my_model.keras')` or `keras.saving.save_model(model, 'my_model.keras')`. ]
[2024-10-07 19:04:46,353: WARNING: saving_api You are saving your model as an HDF5 file via `model.save()` or `keras.saving.save_model(model)`. This file format is considered legacy. We recommend using instead the native Keras format, e.g. `model.save('my_model.keras')` or `keras.saving.save_model(model, 'my_model.keras')`. ]
